<?xml version="1.0" encoding="UTF-8"?>
<!-- Generated by org.testng.reporters.JUnitReportReporter -->
<testsuite hostname="DESKTOP-JBDBHD6" failures="0" tests="1" name="com.mystore.testcases.LoginPageTest" time="22.001" errors="0" timestamp="2022-04-30T22:08:39 IST" skipped="0">
  <testcase classname="com.mystore.testcases.LoginPageTest" name="loginTest" time="22.001"/>
  <system-out/>
</testsuite> <!-- com.mystore.testcases.LoginPageTest -->
