<?xml version="1.0" encoding="UTF-8"?>
<!-- Generated by org.testng.reporters.JUnitReportReporter -->
<testsuite hostname="DESKTOP-JBDBHD6" failures="0" tests="2" name="com.mystore.testcases.HomePageTest" time="47.552" errors="0" timestamp="2022-04-29T23:20:24 IST" skipped="0">
  <testcase classname="com.mystore.testcases.HomePageTest" name="orderHistoryandDetailsTest" time="21.120"/>
  <system-out/>
  <testcase classname="com.mystore.testcases.HomePageTest" name="wishListTest" time="26.432"/>
  <system-out/>
</testsuite> <!-- com.mystore.testcases.HomePageTest -->
