<?xml version="1.0" encoding="UTF-8"?>
<!-- Generated by org.testng.reporters.JUnitReportReporter -->
<testsuite hostname="DESKTOP-JBDBHD6" failures="0" tests="1" name="com.mystore.testcases.SearchResultPageTest" time="23.083" errors="0" timestamp="2022-04-30T22:08:39 IST" skipped="0">
  <testcase classname="com.mystore.testcases.SearchResultPageTest" name="productAvailabilityTest" time="23.083"/>
  <system-out/>
</testsuite> <!-- com.mystore.testcases.SearchResultPageTest -->
